2025-09-24 07:14:32,190 - INFO - Modelo cargado: d:\SAFEBUILD20250924\runs\detect\train9\weights\best.pt
2025-09-24 07:14:33,232 - INFO - Cámara inicializada en índice 0 con backend None
2025-09-24 07:14:33,252 - INFO - Modelo cargado: d:\SAFEBUILD20250924\runs\detect\train9\weights\best.pt
2025-09-24 07:14:33,287 - WARNING - No hay más cámaras disponibles. Usando índice por defecto.
2025-09-24 07:14:33,291 - ERROR - No se pudo inicializar cámara externa en índice 1
2025-09-24 07:22:19,439 - INFO - Modelo cargado: d:\SAFEBUILD20250924\runs\detect\train9\weights\best.pt
2025-09-24 07:22:20,411 - INFO - Cámara inicializada en índice 0 con backend None
2025-09-24 07:22:20,434 - INFO - Modelo cargado: d:\SAFEBUILD20250924\runs\detect\train9\weights\best.pt
2025-09-24 07:22:20,469 - WARNING - No hay más cámaras disponibles. Usando índice por defecto.
2025-09-24 07:22:20,473 - ERROR - No se pudo inicializar cámara externa en índice 1
2025-09-24 07:34:27,767 - INFO - Modelo cargado: d:\SAFEBUILD20250924\runs\detect\train9\weights\best.pt
2025-09-24 07:34:28,728 - INFO - Cámara inicializada en índice 0 con backend None
2025-09-24 07:34:28,747 - INFO - Modelo cargado: d:\SAFEBUILD20250924\runs\detect\train9\weights\best.pt
2025-09-24 07:34:28,784 - INFO - No se encontraron cámaras externas, buscando cámara interna...
2025-09-24 07:34:29,112 - INFO - Cámara interna detectada en índice 0 con backend None
2025-09-24 07:34:29,399 - INFO - Asignando índice 0 secuencialmente a widget Cam 2 - Área de Almacenamiento
2025-09-24 07:34:30,012 - INFO - Cámara inicializada en índice 0 con backend None
2025-09-24 07:34:30,030 - INFO - Modelo cargado: d:\SAFEBUILD20250924\runs\detect\train9\weights\best.pt
2025-09-24 07:34:30,030 - INFO - Asignando índice 0 secuencialmente a widget Cam 3 - Área de mezcla de concreto
2025-09-24 07:34:30,468 - INFO - Cámara inicializada en índice 0 con backend None
2025-09-24 07:34:30,492 - INFO - Modelo cargado: d:\SAFEBUILD20250924\runs\detect\train9\weights\best.pt
2025-09-24 07:34:30,492 - INFO - Asignando índice 0 secuencialmente a widget Cam 4 - Área de armado de acero
2025-09-24 07:34:30,934 - INFO - Cámara inicializada en índice 0 con backend None
2025-09-24 07:45:03,605 - INFO - No se encontraron cámaras externas, buscando cámara interna...
2025-09-24 07:45:04,178 - INFO - Cámara interna detectada en índice 0 con backend None
2025-09-24 07:45:04,501 - INFO - Modelo cargado: d:\SAFEBUILD20250924\runs\detect\train9\weights\best.pt
2025-09-24 07:45:05,104 - INFO - Cámara inicializada en índice 0 con backend None
2025-09-24 07:45:05,124 - INFO - Modelo cargado: d:\SAFEBUILD20250924\runs\detect\train9\weights\best.pt
2025-09-24 07:45:05,125 - INFO - Asignando índice 0 secuencialmente a widget Cam 2 - Área de Almacenamiento
2025-09-24 07:45:05,574 - INFO - Cámara inicializada en índice 0 con backend None
2025-09-24 07:45:05,595 - INFO - Modelo cargado: d:\SAFEBUILD20250924\runs\detect\train9\weights\best.pt
2025-09-24 07:45:05,595 - INFO - Asignando índice 0 secuencialmente a widget Cam 3 - Área de mezcla de concreto
2025-09-24 07:45:06,043 - INFO - Cámara inicializada en índice 0 con backend None
2025-09-24 07:45:06,065 - INFO - Modelo cargado: d:\SAFEBUILD20250924\runs\detect\train9\weights\best.pt
2025-09-24 07:45:06,066 - INFO - Asignando índice 0 secuencialmente a widget Cam 4 - Área de armado de acero
2025-09-24 07:45:06,511 - INFO - Cámara inicializada en índice 0 con backend None
2025-09-24 07:51:33,991 - INFO - Cámara detectada en índice 0
2025-09-24 07:51:34,578 - INFO - Modelo cargado para Cam 1 - Área de Acceso y Control: d:\SAFEBUILD20250924\runs\detect\train9\weights\best.pt
2025-09-24 07:51:35,264 - INFO - Cámara Cam 1 - Área de Acceso y Control inicializada en índice 0
2025-09-24 08:24:49,128 - INFO - Cámara detectada en índice 0
2025-09-24 08:24:49,748 - INFO - Modelo cargado para Cam 1 - Área de Acceso y Control: d:\SAFEBUILD20250924\runs\detect\train9\weights\best.pt
2025-09-24 08:24:50,429 - INFO - Cámara Cam 1 - Área de Acceso y Control inicializada en índice 0
2025-10-04 18:35:31,118 - INFO - Modelo cargado para C\xe1mara 1: c:\Users\kenka\Downloads\SAFEBUILD20251001\runs\detect\train9\weights\best.pt
2025-10-04 18:35:31,373 - INFO - Modelo cargado para C\xe1mara 2: c:\Users\kenka\Downloads\SAFEBUILD20251001\runs\detect\train9\weights\best.pt
2025-10-04 18:35:31,433 - INFO - Modelo cargado para C\xe1mara 3: c:\Users\kenka\Downloads\SAFEBUILD20251001\runs\detect\train9\weights\best.pt
2025-10-04 18:35:31,490 - INFO - Modelo cargado para C\xe1mara 4: c:\Users\kenka\Downloads\SAFEBUILD20251001\runs\detect\train9\weights\best.pt
2025-10-15 22:25:11,518 - INFO - Modelo cargado para C\xe1mara 1: c:\Users\kenka\Downloads\SAFEBUILD20251001\runs\detect\train9\weights\best.pt
2025-10-15 22:25:11,666 - INFO - Modelo cargado para C\xe1mara 2: c:\Users\kenka\Downloads\SAFEBUILD20251001\runs\detect\train9\weights\best.pt
2025-10-15 22:25:11,725 - INFO - Modelo cargado para C\xe1mara 3: c:\Users\kenka\Downloads\SAFEBUILD20251001\runs\detect\train9\weights\best.pt
2025-10-15 22:25:11,778 - INFO - Modelo cargado para C\xe1mara 4: c:\Users\kenka\Downloads\SAFEBUILD20251001\runs\detect\train9\weights\best.pt
2025-10-15 22:26:30,263 - INFO - Modelo cargado para C\xe1mara 1: c:\Users\kenka\Downloads\SAFEBUILD20251001\runs\detect\train9\weights\best.pt
2025-10-15 22:26:30,325 - INFO - Modelo cargado para C\xe1mara 2: c:\Users\kenka\Downloads\SAFEBUILD20251001\runs\detect\train9\weights\best.pt
2025-10-15 22:26:30,385 - INFO - Modelo cargado para C\xe1mara 3: c:\Users\kenka\Downloads\SAFEBUILD20251001\runs\detect\train9\weights\best.pt
2025-10-15 22:26:30,443 - INFO - Modelo cargado para C\xe1mara 4: c:\Users\kenka\Downloads\SAFEBUILD20251001\runs\detect\train9\weights\best.pt
2025-10-15 22:26:44,205 - INFO - Modelo cargado para C\xe1mara 1: c:\Users\kenka\Downloads\SAFEBUILD20251001\runs\detect\train9\weights\best.pt
2025-10-15 22:26:44,258 - INFO - Modelo cargado para C\xe1mara 2: c:\Users\kenka\Downloads\SAFEBUILD20251001\runs\detect\train9\weights\best.pt
2025-10-15 22:26:44,310 - INFO - Modelo cargado para C\xe1mara 3: c:\Users\kenka\Downloads\SAFEBUILD20251001\runs\detect\train9\weights\best.pt
2025-10-15 22:26:44,362 - INFO - Modelo cargado para C\xe1mara 4: c:\Users\kenka\Downloads\SAFEBUILD20251001\runs\detect\train9\weights\best.pt
2025-10-15 22:27:28,058 - INFO - Modelo cargado para C\xe1mara 1: c:\Users\kenka\Downloads\SAFEBUILD20251001\runs\detect\train9\weights\best.pt
2025-10-15 22:27:28,126 - INFO - Modelo cargado para C\xe1mara 2: c:\Users\kenka\Downloads\SAFEBUILD20251001\runs\detect\train9\weights\best.pt
2025-10-15 22:27:28,189 - INFO - Modelo cargado para C\xe1mara 3: c:\Users\kenka\Downloads\SAFEBUILD20251001\runs\detect\train9\weights\best.pt
2025-10-15 22:27:28,245 - INFO - Modelo cargado para C\xe1mara 4: c:\Users\kenka\Downloads\SAFEBUILD20251001\runs\detect\train9\weights\best.pt
2025-10-15 22:39:04,197 - INFO - Modelo cargado para C\xe1mara 1: c:\Users\kenka\Downloads\SAFEBUILD20251001\runs\detect\train9\weights\best.pt
2025-10-15 22:39:04,264 - INFO - Modelo cargado para C\xe1mara 2: c:\Users\kenka\Downloads\SAFEBUILD20251001\runs\detect\train9\weights\best.pt
2025-10-15 22:39:04,329 - INFO - Modelo cargado para C\xe1mara 3: c:\Users\kenka\Downloads\SAFEBUILD20251001\runs\detect\train9\weights\best.pt
2025-10-15 22:39:04,415 - INFO - Modelo cargado para C\xe1mara 4: c:\Users\kenka\Downloads\SAFEBUILD20251001\runs\detect\train9\weights\best.pt
2025-10-15 22:41:24,379 - INFO - Modelo cargado para C\xe1mara 1: c:\Users\kenka\Downloads\SAFEBUILD20251001\runs\detect\train8\weights\best.pt
2025-10-15 22:41:24,489 - INFO - Modelo cargado para C\xe1mara 2: c:\Users\kenka\Downloads\SAFEBUILD20251001\runs\detect\train8\weights\best.pt
2025-10-15 22:41:24,587 - INFO - Modelo cargado para C\xe1mara 3: c:\Users\kenka\Downloads\SAFEBUILD20251001\runs\detect\train8\weights\best.pt
2025-10-15 22:41:24,700 - INFO - Modelo cargado para C\xe1mara 4: c:\Users\kenka\Downloads\SAFEBUILD20251001\runs\detect\train8\weights\best.pt
2025-10-15 22:42:19,088 - INFO - Modelo cargado para C\xe1mara 1: c:\Users\kenka\Downloads\SAFEBUILD20251001\runs\detect\train8\weights\best.pt
2025-10-15 22:42:19,163 - INFO - Modelo cargado para C\xe1mara 2: c:\Users\kenka\Downloads\SAFEBUILD20251001\runs\detect\train8\weights\best.pt
2025-10-15 22:42:19,229 - INFO - Modelo cargado para C\xe1mara 3: c:\Users\kenka\Downloads\SAFEBUILD20251001\runs\detect\train8\weights\best.pt
2025-10-15 22:42:19,301 - INFO - Modelo cargado para C\xe1mara 4: c:\Users\kenka\Downloads\SAFEBUILD20251001\runs\detect\train8\weights\best.pt
2025-10-15 23:52:55,709 - INFO - Modelo cargado para C\xe1mara 1: c:\Users\kenka\Downloads\SAFEBUILD20251001\runs\detect\train8\weights\best.pt
2025-10-15 23:52:55,876 - INFO - Modelo cargado para C\xe1mara 2: c:\Users\kenka\Downloads\SAFEBUILD20251001\runs\detect\train8\weights\best.pt
2025-10-15 23:52:55,950 - INFO - Modelo cargado para C\xe1mara 3: c:\Users\kenka\Downloads\SAFEBUILD20251001\runs\detect\train8\weights\best.pt
2025-10-15 23:52:56,019 - INFO - Modelo cargado para C\xe1mara 4: c:\Users\kenka\Downloads\SAFEBUILD20251001\runs\detect\train8\weights\best.pt
2025-10-15 23:56:07,121 - INFO - Modelo cargado para C\xe1mara 1: c:\Users\kenka\Downloads\SAFEBUILD20251001\runs\detect\train8\weights\best.pt
2025-10-15 23:56:07,185 - INFO - Modelo cargado para C\xe1mara 2: c:\Users\kenka\Downloads\SAFEBUILD20251001\runs\detect\train8\weights\best.pt
2025-10-15 23:56:07,253 - INFO - Modelo cargado para C\xe1mara 3: c:\Users\kenka\Downloads\SAFEBUILD20251001\runs\detect\train8\weights\best.pt
2025-10-15 23:56:07,321 - INFO - Modelo cargado para C\xe1mara 4: c:\Users\kenka\Downloads\SAFEBUILD20251001\runs\detect\train8\weights\best.pt
2025-10-16 00:02:30,117 - INFO - Modelo cargado para C\xe1mara 1: c:\Users\kenka\Downloads\SAFEBUILD20251001\runs\detect\train8\weights\best.pt
2025-10-16 00:02:30,170 - INFO - Modelo cargado para C\xe1mara 2: c:\Users\kenka\Downloads\SAFEBUILD20251001\runs\detect\train8\weights\best.pt
2025-10-16 00:02:30,223 - INFO - Modelo cargado para C\xe1mara 3: c:\Users\kenka\Downloads\SAFEBUILD20251001\runs\detect\train8\weights\best.pt
2025-10-16 00:02:30,276 - INFO - Modelo cargado para C\xe1mara 4: c:\Users\kenka\Downloads\SAFEBUILD20251001\runs\detect\train8\weights\best.pt
2025-10-16 00:08:12,144 - INFO - Modelo cargado para C\xe1mara 1: c:\Users\kenka\Downloads\SAFEBUILD20251001\runs\detect\train8\weights\best.pt
2025-10-16 00:08:12,208 - INFO - Modelo cargado para C\xe1mara 2: c:\Users\kenka\Downloads\SAFEBUILD20251001\runs\detect\train8\weights\best.pt
2025-10-16 00:08:12,301 - INFO - Modelo cargado para C\xe1mara 3: c:\Users\kenka\Downloads\SAFEBUILD20251001\runs\detect\train8\weights\best.pt
2025-10-16 00:08:12,414 - INFO - Modelo cargado para C\xe1mara 4: c:\Users\kenka\Downloads\SAFEBUILD20251001\runs\detect\train8\weights\best.pt
2025-10-16 00:19:02,302 - INFO - Modelo cargado para C\xe1mara 1: c:\Users\kenka\Downloads\SAFEBUILD20251001\runs\detect\train8\weights\best.pt
2025-10-16 00:19:02,369 - INFO - Modelo cargado para C\xe1mara 2: c:\Users\kenka\Downloads\SAFEBUILD20251001\runs\detect\train8\weights\best.pt
2025-10-16 00:19:02,435 - INFO - Modelo cargado para C\xe1mara 3: c:\Users\kenka\Downloads\SAFEBUILD20251001\runs\detect\train8\weights\best.pt
2025-10-16 00:19:02,504 - INFO - Modelo cargado para C\xe1mara 4: c:\Users\kenka\Downloads\SAFEBUILD20251001\runs\detect\train8\weights\best.pt
2025-10-16 00:20:59,079 - INFO - Modelo cargado para C\xe1mara 1: c:\Users\kenka\Downloads\SAFEBUILD20251001\runs\detect\train8\weights\best.pt
2025-10-16 00:20:59,143 - INFO - Modelo cargado para C\xe1mara 2: c:\Users\kenka\Downloads\SAFEBUILD20251001\runs\detect\train8\weights\best.pt
2025-10-16 00:20:59,210 - INFO - Modelo cargado para C\xe1mara 3: c:\Users\kenka\Downloads\SAFEBUILD20251001\runs\detect\train8\weights\best.pt
2025-10-16 00:20:59,287 - INFO - Modelo cargado para C\xe1mara 4: c:\Users\kenka\Downloads\SAFEBUILD20251001\runs\detect\train8\weights\best.pt
2025-10-16 00:25:54,290 - INFO - Modelo cargado para C\xe1mara 1: c:\Users\kenka\Downloads\SAFEBUILD20251001\runs\detect\train8\weights\best.pt
2025-10-16 00:25:54,359 - INFO - Modelo cargado para C\xe1mara 2: c:\Users\kenka\Downloads\SAFEBUILD20251001\runs\detect\train8\weights\best.pt
2025-10-16 00:25:54,428 - INFO - Modelo cargado para C\xe1mara 3: c:\Users\kenka\Downloads\SAFEBUILD20251001\runs\detect\train8\weights\best.pt
2025-10-16 00:25:54,494 - INFO - Modelo cargado para C\xe1mara 4: c:\Users\kenka\Downloads\SAFEBUILD20251001\runs\detect\train8\weights\best.pt
